vacomall_android1.0/android/app/build/outputs/mapping/release/seeds.txt
com.squareup.okhttp.CacheControl$1
com.squareup.okhttp.CacheControl$Builder
com.squareup.okhttp.CacheControl$Builder: boolean noCache
com.squareup.okhttp.CacheControl$Builder: boolean noStore
com.squareup.okhttp.CacheControl$Builder: int maxAgeSeconds
com.squareup.okhttp.CacheControl$Builder: int maxStaleSeconds
com.squareup.okhttp.CacheControl$Builder: int minFreshSeconds
com.squareup.okhttp.CacheControl$Builder: boolean onlyIfCached
com.squareup.okhttp.CacheControl$Builder: boolean noTransform
com.squareup.okhttp.CacheControl$Builder: CacheControl$Builder()
com.squareup.okhttp.CacheControl$Builder: com.squareup.okhttp.CacheControl$Builder noCache()
com.squareup.okhttp.CacheControl$Builder: com.squareup.okhttp.CacheControl$Builder noStore()
com.squareup.okhttp.CacheControl$Builder: com.squareup.okhttp.CacheControl$Builder maxAge(int,java.util.concurrent.TimeUnit)
com.squareup.okhttp.CacheControl$Builder: com.squareup.okhttp.CacheControl$Builder maxStale(int,java.util.concurrent.TimeUnit)
com.squareup.okhttp.CacheControl$Builder: com.squareup.okhttp.CacheControl$Builder minFresh(int,java.util.concurrent.TimeUnit)
com.squareup.okhttp.CacheControl$Builder: com.squareup.okhttp.CacheControl$Builder onlyIfCached()
com.squareup.okhttp.CacheControl$Builder: com.squareup.okhttp.CacheControl$Builder noTransform()
com.squareup.okhttp.CacheControl$Builder: com.squareup.okhttp.CacheControl build()
com.squareup.okhttp.Call
com.squareup.okhttp.Call: com.squareup.okhttp.OkHttpClient client
com.squareup.okhttp.Call: boolean executed
com.squareup.okhttp.Call: boolean canceled
com.squareup.okhttp.Call: com.squareup.okhttp.Request originalRequest
com.squareup.okhttp.Call: com.squareup.okhttp.internal.http.HttpEngine engine
com.squareup.okhttp.Call: Call(com.squareup.okhttp.OkHttpClient,com.squareup.okhttp.Request)
com.squareup.okhttp.Call: com.squareup.okhttp.Response execute()
com.squareup.okhttp.Call: java.lang.Object tag()
com.squareup.okhttp.Call: void enqueue(com.squareup.okhttp.Callback)
com.squareup.okhttp.Call: void enqueue(com.squareup.okhttp.Callback,boolean)
com.squareup.okhttp.Call: void cancel()
com.squareup.okhttp.Call: boolean isCanceled()
com.squareup.okhttp.Call: java.lang.String toLoggableString()
com.squareup.okhttp.Call: com.squareup.okhttp.Response getResponseWithInterceptorChain(boolean)
com.squareup.okhttp.Call: com.squareup.okhttp.Response getResponse(com.squareup.okhttp.Request,boolean)
com.squareup.okhttp.Call: com.squareup.okhttp.Response access$100(com.squareup.okhttp.Call,boolean)
com.squareup.okhttp.Call: java.lang.String access$200(com.squareup.okhttp.Call)
com.squareup.okhttp.Call: com.squareup.okhttp.OkHttpClient access$300(com.squareup.okhttp.Call)
com.squareup.okhttp.Call$1
com.squareup.okhttp.Call$ApplicationInterceptorChain
com.squareup.okhttp.Call$ApplicationInterceptorChain: int index
com.squareup.okhttp.Call$ApplicationInterceptorChain: com.squareup.okhttp.Request request
com.squareup.okhttp.Call$ApplicationInterceptorChain: boolean forWebSocket
com.squareup.okhttp.Call$ApplicationInterceptorChain: com.squareup.okhttp.Call this$0
com.squareup.okhttp.Call$ApplicationInterceptorChain: Call$ApplicationInterceptorChain(com.squareup.okhttp.Call,int,com.squareup.okhttp.Request,boolean)
com.squareup.okhttp.Call$ApplicationInterceptorChain: com.squareup.okhttp.Connection connection()
com.squareup.okhttp.Call$ApplicationInterceptorChain: com.squareup.okhttp.Request request()
com.squareup.okhttp.Call$ApplicationInterceptorChain: com.squareup.okhttp.Response proceed(com.squareup.okhttp.Request)